#
# A fatal error has been detected by the Java Runtime Environment:
#
#  EXCEPTION_ACCESS_VIOLATION (0xc0000005) at pc=0x000000006eae9575, pid=1736, tid=0x00000000000011d8
#
# JRE version: Java(TM) SE Runtime Environment (8.0_92-b14) (build 1.8.0_92-b14)
# Java VM: Java HotSpot(TM) 64-Bit Server VM (25.92-b14 mixed mode windows-amd64 compressed oops)
# Problematic frame:
# V  [jvm.dll+0x129575]
#
# Failed to write core dump. Minidumps are not enabled by default on client versions of Windows
#
# If you would like to submit a bug report, please visit:
#   http://bugreport.java.com/bugreport/crash.jsp
#

---------------  T H R E A D  ---------------

Current thread (0x0000000017d27000):  JavaThread "JDWP Transport Listener: dt_socket" daemon [_thread_in_vm, id=4568, stack(0x00000000197c0000,0x00000000198c0000)]

siginfo: ExceptionCode=0xc0000005, reading address 0xffffffffffffffff

Registers:
RAX=0x00000000198bf401, RBX=0x0000000017d27000, RCX=0x65636e6572656665, RDX=0x0000000000000000
RSP=0x00000000198bf410, RBP=0x65636e6572656665, RSI=0x00000000198bf528, RDI=0x00000000031c9c20
R8 =0x0000000017d27000, R9 =0x0000000000008000, R10=0x0000000019eec260, R11=0x00000000198bf693
R12=0x0000000000000000, R13=0x0000000017d319b8, R14=0x0000000000000000, R15=0x0000000000000000
RIP=0x000000006eae9575, EFLAGS=0x0000000000010206

Top of Stack: (sp=0x00000000198bf410)
0x00000000198bf410:   0000000017d27000 0000000017d27000
0x00000000198bf420:   00000000198bf4d8 000000006ecefbab
0x00000000198bf430:   0000000017d27000 000000006ed0c40d
0x00000000198bf440:   0000000000000000 000000006e6e9155
0x00000000198bf450:   0000000019e81178 000000006e6f291e
0x00000000198bf460:   0000000017d27000 0000000000000000
0x00000000198bf470:   0000000000000000 0000000000000000
0x00000000198bf480:   65636e6572656665 000000006e6f1a15
0x00000000198bf490:   00000000198bf528 00000000198bf500
0x00000000198bf4a0:   0000000000000001 0000000019e81178
0x00000000198bf4b0:   65636e6572656665 000000006e6d53b3
0x00000000198bf4c0:   00000000198bf5f0 0000000000000001
0x00000000198bf4d0:   0000000000000001 0000000019e81178
0x00000000198bf4e0:   0000000000000009 0000000000000000
0x00000000198bf4f0:   0000000000000000 0000000000000000
0x00000000198bf500:   0000000000000001 000000006e6d5571 

Instructions: (pc=0x000000006eae9575)
0x000000006eae9555:   cc cc cc cc cc cc cc cc cc cc cc 48 83 ec 28 48
0x000000006eae9565:   85 c9 75 07 33 c0 48 83 c4 28 c3 48 89 5c 24 20
0x000000006eae9575:   48 8b 19 48 85 db 74 20 48 83 fb 37 74 1a 48 8b
0x000000006eae9585:   13 48 8b cb ff 52 10 84 c0 74 0d 48 8b c3 48 8b 


Register to memory mapping:

RAX=0x00000000198bf401 is pointing into the stack for thread: 0x0000000017d27000
RBX=0x0000000017d27000 is a thread
RCX=0x65636e6572656665 is an unknown value
RDX=0x0000000000000000 is an unknown value
RSP=0x00000000198bf410 is pointing into the stack for thread: 0x0000000017d27000
RBP=0x65636e6572656665 is an unknown value
RSI=0x00000000198bf528 is pointing into the stack for thread: 0x0000000017d27000
RDI=0x00000000031c9c20 is an unknown value
R8 =0x0000000017d27000 is a thread
R9 =0x0000000000008000 is an unknown value
R10=0x0000000019eec260 is an unknown value
R11=0x00000000198bf693 is pointing into the stack for thread: 0x0000000017d27000
R12=0x0000000000000000 is an unknown value
R13=0x0000000017d319b8 is an unknown value
R14=0x0000000000000000 is an unknown value
R15=0x0000000000000000 is an unknown value


Stack: [0x00000000197c0000,0x00000000198c0000],  sp=0x00000000198bf410,  free space=1021k
Native frames: (J=compiled Java code, j=interpreted, Vv=VM code, C=native code)
V  [jvm.dll+0x129575]
V  [jvm.dll+0x34c40d]
C  [jdwp.dll+0x21a15]
C  [jdwp.dll+0x53b3]
C  [jdwp.dll+0x5571]
C  [jdwp.dll+0xf0a8]
C  [jdwp.dll+0x1f2d5]
C  [jdwp.dll+0x1f4aa]
V  [jvm.dll+0x1bc3e8]
V  [jvm.dll+0x244314]
V  [jvm.dll+0x29b34a]
C  [msvcr100.dll+0x21d9f]
C  [msvcr100.dll+0x21e3b]
C  [KERNEL32.DLL+0x12774]
C  [ntdll.dll+0x70d51]


---------------  P R O C E S S  ---------------

Java Threads: ( => current thread )
  0x0000000019e06000 JavaThread "Service Thread" daemon [_thread_blocked, id=916, stack(0x000000001a1c0000,0x000000001a2c0000)]
  0x0000000017d4c000 JavaThread "C1 CompilerThread2" daemon [_thread_blocked, id=8704, stack(0x0000000019cc0000,0x0000000019dc0000)]
  0x0000000017d48800 JavaThread "C2 CompilerThread1" daemon [_thread_blocked, id=10088, stack(0x0000000019bc0000,0x0000000019cc0000)]
  0x0000000017d43800 JavaThread "C2 CompilerThread0" daemon [_thread_blocked, id=7916, stack(0x0000000019ac0000,0x0000000019bc0000)]
  0x0000000017d38800 JavaThread "JDWP Command Reader" daemon [_thread_in_native, id=2996, stack(0x00000000199c0000,0x0000000019ac0000)]
  0x0000000017d37000 JavaThread "JDWP Event Helper Thread" daemon [_thread_blocked, id=5876, stack(0x00000000198c0000,0x00000000199c0000)]
=>0x0000000017d27000 JavaThread "JDWP Transport Listener: dt_socket" daemon [_thread_in_vm, id=4568, stack(0x00000000197c0000,0x00000000198c0000)]
  0x0000000017d1f000 JavaThread "Attach Listener" daemon [_thread_blocked, id=804, stack(0x0000000019280000,0x0000000019380000)]
  0x0000000017d1d800 JavaThread "Signal Dispatcher" daemon [_thread_blocked, id=8060, stack(0x0000000019180000,0x0000000019280000)]
  0x00000000032cb800 JavaThread "Finalizer" daemon [_thread_blocked, id=2484, stack(0x0000000018f90000,0x0000000019090000)]
  0x00000000032c0800 JavaThread "Reference Handler" daemon [_thread_blocked, id=4552, stack(0x0000000018e90000,0x0000000018f90000)]
  0x00000000031d2800 JavaThread "main" [_thread_in_native, id=8652, stack(0x0000000002fe0000,0x00000000030e0000)]

Other Threads:
  0x0000000017ce7800 VMThread [stack: 0x0000000018d90000,0x0000000018e90000] [id=2560]
  0x0000000019e0d800 WatcherThread [stack: 0x000000001a2c0000,0x000000001a3c0000] [id=9212]

VM state:not at safepoint (normal execution)

VM Mutex/Monitor currently owned by a thread: None

Heap:
 PSYoungGen      total 37888K, used 2621K [0x00000000d6600000, 0x00000000d9000000, 0x0000000100000000)
  eden space 32768K, 8% used [0x00000000d6600000,0x00000000d688f618,0x00000000d8600000)
  from space 5120K, 0% used [0x00000000d8b00000,0x00000000d8b00000,0x00000000d9000000)
  to   space 5120K, 0% used [0x00000000d8600000,0x00000000d8600000,0x00000000d8b00000)
 ParOldGen       total 86016K, used 0K [0x0000000083200000, 0x0000000088600000, 0x00000000d6600000)
  object space 86016K, 0% used [0x0000000083200000,0x0000000083200000,0x0000000088600000)
 Metaspace       used 3480K, capacity 4606K, committed 4864K, reserved 1056768K
  class space    used 401K, capacity 430K, committed 512K, reserved 1048576K

Card table byte_map: [0x0000000012690000,0x0000000012a80000] byte_map_base: 0x0000000012277000

Marking Bits: (ParMarkBitMap*) 0x000000006f1d64f0
 Begin Bits: [0x0000000013120000, 0x0000000015058000)
 End Bits:   [0x0000000015058000, 0x0000000016f90000)

Polling page: 0x0000000002f60000

CodeCache: size=245760Kb used=1255Kb max_used=1255Kb free=244504Kb
 bounds [0x00000000032d0000, 0x0000000003540000, 0x00000000122d0000]
 total_blobs=315 nmethods=81 adapters=156
 compilation: enabled

Compilation events (10 events):
Event: 6.072 Thread 0x0000000017d4c000   77       3       java.util.regex.Pattern::closure (477 bytes)
Event: 6.091 Thread 0x0000000017d4c000 nmethod 77 0x00000000033fd410 code [0x00000000033fda60, 0x0000000003401b08]
Event: 6.091 Thread 0x0000000017d4c000   81       3       java.util.regex.Pattern::sequence (553 bytes)
Event: 6.104 Thread 0x0000000017d4c000 nmethod 81 0x00000000034044d0 code [0x0000000003404a00, 0x0000000003407808]
Event: 6.104 Thread 0x0000000017d4c000   78       3       java.util.regex.Pattern$Node::study (21 bytes)
Event: 6.104 Thread 0x0000000017d4c000 nmethod 78 0x0000000003409510 code [0x0000000003409680, 0x0000000003409908]
Event: 6.104 Thread 0x0000000017d4c000   79       3       java.util.regex.Pattern$TreeInfo::reset (21 bytes)
Event: 6.105 Thread 0x0000000017d4c000 nmethod 79 0x0000000003409a10 code [0x0000000003409b60, 0x0000000003409cd0]
Event: 6.105 Thread 0x0000000017d4c000   80       3       java.lang.String::startsWith (7 bytes)
Event: 6.105 Thread 0x0000000017d4c000 nmethod 80 0x0000000003409d50 code [0x0000000003409ec0, 0x000000000340a0e8]

GC Heap History (0 events):
No events

Deoptimization events (0 events):
No events

Internal exceptions (6 events):
Event: 0.103 Thread 0x00000000031d2800 Exception <a 'java/lang/NoSuchMethodError': Method sun.misc.Unsafe.defineClass(Ljava/lang/String;[BII)Ljava/lang/Class; name or signature does not match> (0x00000000d6607cc0) thrown at [D:\re\workspace\8-2-build-windows-amd64-cygwin\jdk8u92\6642\hotspot\sr+y8¦Ðhº?
Event: 0.103 Thread 0x00000000031d2800 Exception <a 'java/lang/NoSuchMethodError': Method sun.misc.Unsafe.prefetchRead(Ljava/lang/Object;J)V name or signature does not match> (0x00000000d6607fa8) thrown at [D:\re\workspace\8-2-build-windows-amd64-cygwin\jdk8u92\6642\hotspot\src\share\vm\prims\jø—Ï±áì@
Event: 5.981 Thread 0x00000000031d2800 Exception <a 'java/security/PrivilegedActionException'> (0x00000000d669a3d8) thrown at [D:\re\workspace\8-2-build-windows-amd64-cygwin\jdk8u92\6642\hotspot\src\share\vm\prims\jvm.cpp, line 1386]
Event: 5.981 Thread 0x00000000031d2800 Exception <a 'java/security/PrivilegedActionException'> (0x00000000d669a7d0) thrown at [D:\re\workspace\8-2-build-windows-amd64-cygwin\jdk8u92\6642\hotspot\src\share\vm\prims\jvm.cpp, line 1386]
Event: 5.985 Thread 0x00000000031d2800 Exception <a 'java/security/PrivilegedActionException'> (0x00000000d669e560) thrown at [D:\re\workspace\8-2-build-windows-amd64-cygwin\jdk8u92\6642\hotspot\src\share\vm\prims\jvm.cpp, line 1386]
Event: 5.985 Thread 0x00000000031d2800 Exception <a 'java/security/PrivilegedActionException'> (0x00000000d669e958) thrown at [D:\re\workspace\8-2-build-windows-amd64-cygwin\jdk8u92\6642\hotspot\src\share\vm\prims\jvm.cpp, line 1386]

Events (10 events):
Event: 328.860 Executing VM operation: ChangeBreakpoints
Event: 328.860 Executing VM operation: ChangeBreakpoints done
Event: 336.574 Executing VM operation: RedefineClasses
Event: 336.576 Executing VM operation: RedefineClasses done
Event: 336.583 Executing VM operation: ChangeBreakpoints
Event: 336.584 Executing VM operation: ChangeBreakpoints done
Event: 336.593 Executing VM operation: ChangeBreakpoints
Event: 336.594 Executing VM operation: ChangeBreakpoints done
Event: 462.926 Executing VM operation: RedefineClasses
Event: 462.928 Executing VM operation: RedefineClasses done


Dynamic libraries:
0x00007ff668ad0000 - 0x00007ff668b07000 	C:\Program Files\Java\jre1.8.0_92\bin\javaw.exe
0x00007ffe38fa0000 - 0x00007ffe3917b000 	C:\WINDOWS\SYSTEM32\ntdll.dll
0x00007ffe36ae0000 - 0x00007ffe36b8e000 	C:\WINDOWS\System32\KERNEL32.DLL
0x00007ffe36290000 - 0x00007ffe364d9000 	C:\WINDOWS\System32\KERNELBASE.dll
0x00007ffe38a70000 - 0x00007ffe38b11000 	C:\WINDOWS\System32\ADVAPI32.dll
0x00007ffe37440000 - 0x00007ffe374dd000 	C:\WINDOWS\System32\msvcrt.dll
0x00007ffe36b90000 - 0x00007ffe36be9000 	C:\WINDOWS\System32\sechost.dll
0x00007ffe374e0000 - 0x00007ffe37605000 	C:\WINDOWS\System32\RPCRT4.dll
0x00007ffe38ce0000 - 0x00007ffe38e2a000 	C:\WINDOWS\System32\USER32.dll
0x00007ffe35f70000 - 0x00007ffe35f8e000 	C:\WINDOWS\System32\win32u.dll
0x00007ffe38c00000 - 0x00007ffe38c27000 	C:\WINDOWS\System32\GDI32.dll
0x00007ffe35fe0000 - 0x00007ffe36168000 	C:\WINDOWS\System32\gdi32full.dll
0x00007ffe355a0000 - 0x00007ffe3563a000 	C:\WINDOWS\System32\msvcp_win.dll
0x00007ffe354a0000 - 0x00007ffe35596000 	C:\WINDOWS\System32\ucrtbase.dll
0x00007ffe2d8d0000 - 0x00007ffe2db37000 	C:\WINDOWS\WinSxS\amd64_microsoft.windows.common-controls_6595b64144ccf1df_6.0.15063.483_none_26002d27e7c744a2\COMCTL32.dll
0x00007ffe36f90000 - 0x00007ffe37289000 	C:\WINDOWS\System32\combase.dll
0x00007ffe36220000 - 0x00007ffe3628a000 	C:\WINDOWS\System32\bcryptPrimitives.dll
0x00007ffe38eb0000 - 0x00007ffe38edd000 	C:\WINDOWS\System32\IMM32.DLL
0x000000006e710000 - 0x000000006e7e2000 	C:\Program Files\Java\jre1.8.0_92\bin\msvcr100.dll
0x000000006e9c0000 - 0x000000006f256000 	C:\Program Files\Java\jre1.8.0_92\bin\server\jvm.dll
0x00007ffe36f80000 - 0x00007ffe36f88000 	C:\WINDOWS\System32\PSAPI.DLL
0x00007ffe2b380000 - 0x00007ffe2b389000 	C:\WINDOWS\SYSTEM32\WSOCK32.dll
0x00007ffe38b90000 - 0x00007ffe38bfc000 	C:\WINDOWS\System32\WS2_32.dll
0x00007ffe2a7b0000 - 0x00007ffe2a7d3000 	C:\WINDOWS\SYSTEM32\WINMM.dll
0x00007ffe2e270000 - 0x00007ffe2e27a000 	C:\WINDOWS\SYSTEM32\VERSION.dll
0x00007ffe2a5b0000 - 0x00007ffe2a5db000 	C:\WINDOWS\SYSTEM32\winmmbase.dll
0x00007ffe35f90000 - 0x00007ffe35fd9000 	C:\WINDOWS\System32\cfgmgr32.dll
0x000000006e8d0000 - 0x000000006e8df000 	C:\Program Files\Java\jre1.8.0_92\bin\verify.dll
0x000000006e8a0000 - 0x000000006e8c9000 	C:\Program Files\Java\jre1.8.0_92\bin\java.dll
0x000000006e6d0000 - 0x000000006e705000 	C:\Program Files\Java\jre1.8.0_92\bin\jdwp.dll
0x000000006e6c0000 - 0x000000006e6c8000 	C:\Program Files\Java\jre1.8.0_92\bin\npt.dll
0x000000006e880000 - 0x000000006e896000 	C:\Program Files\Java\jre1.8.0_92\bin\zip.dll
0x00007ffe37630000 - 0x00007ffe38a67000 	C:\WINDOWS\System32\SHELL32.dll
0x00007ffe38c30000 - 0x00007ffe38cda000 	C:\WINDOWS\System32\shcore.dll
0x00007ffe35810000 - 0x00007ffe35f02000 	C:\WINDOWS\System32\windows.storage.dll
0x00007ffe38b30000 - 0x00007ffe38b81000 	C:\WINDOWS\System32\shlwapi.dll
0x00007ffe35480000 - 0x00007ffe35491000 	C:\WINDOWS\System32\kernel.appcore.dll
0x00007ffe35410000 - 0x00007ffe3545c000 	C:\WINDOWS\System32\powrprof.dll
0x00007ffe35460000 - 0x00007ffe35475000 	C:\WINDOWS\System32\profapi.dll
0x000000006e6b0000 - 0x000000006e6b9000 	C:\Program Files\Java\jre1.8.0_92\bin\dt_socket.dll
0x00007ffe32540000 - 0x00007ffe32558000 	C:\WINDOWS\system32\NLAapi.dll
0x00007ffe2ca30000 - 0x00007ffe2ca46000 	C:\WINDOWS\system32\napinsp.dll
0x00007ffe2bb10000 - 0x00007ffe2bb2a000 	C:\WINDOWS\system32\pnrpnsp.dll
0x00007ffe34ca0000 - 0x00007ffe34cfc000 	C:\WINDOWS\System32\mswsock.dll
0x00007ffe34a80000 - 0x00007ffe34b24000 	C:\WINDOWS\SYSTEM32\DNSAPI.dll
0x00007ffe36920000 - 0x00007ffe36928000 	C:\WINDOWS\System32\NSI.dll
0x00007ffe34a40000 - 0x00007ffe34a77000 	C:\WINDOWS\SYSTEM32\IPHLPAPI.DLL
0x00007ffe2b970000 - 0x00007ffe2b97e000 	C:\WINDOWS\System32\winrnr.dll
0x000000006f660000 - 0x000000006f686000 	C:\Program Files\Bonjour\mdnsNSP.dll
0x00007ffe30b60000 - 0x00007ffe30bcb000 	C:\WINDOWS\System32\fwpuclnt.dll
0x00007ffe352c0000 - 0x00007ffe352e5000 	C:\WINDOWS\SYSTEM32\bcrypt.dll
0x00007ffe2ef10000 - 0x00007ffe2ef1a000 	C:\Windows\System32\rasadhlp.dll
0x00007ffe2aa30000 - 0x00007ffe2abd9000 	C:\WINDOWS\SYSTEM32\dbghelp.dll

VM Arguments:
jvm_args: -agentlib:jdwp=transport=dt_socket,suspend=y,address=localhost:60918 -Dfile.encoding=Cp1252 
java_command: com.operators.TotalCost
java_class_path (initial): C:\celin\oxygen workspaces\Spring Batch-PS\Java8_Projects\bin
Launcher Type: SUN_STANDARD

Environment Variables:
JAVA_HOME=C:\Program Files\Java\jdk1.8.0_92
PATH=C:/Program Files/Java/jre1.8.0_92/bin/server;C:/Program Files/Java/jre1.8.0_92/bin;C:/Program Files/Java/jre1.8.0_92/lib/amd64;C:\Informatica\10.1.0\clients\tools\datadirect;C:\Informatica\10.1.0\clients\tools\odbcdrv;C:\Informatica\10.1.0\clients\tools\jdbcdrv;C:\Informatica\10.1.0\clients\tools\sharedlibs;C:\ProgramData\Oracle\Java\javapath;C:\oraclexe\app\oracle\product\11.2.0\server\bin;C:\Program Files (x86)\PC Connectivity Solution\;C:\WINDOWS\system32;C:\WINDOWS;C:\WINDOWS\System32\Wbem;C:\WINDOWS\System32\WindowsPowerShell\v1.0\;C:\Program Files\Intel\WiFi\bin\;C:\Program Files\Common Files\Intel\WirelessCommon\;C:\Program Files (x86)\Common Files\Ulead Systems\MPEG;C:\Program Files\Common Files\Lenovo;C:\SWTOOLS\ReadyApps;C:\Program Files (x86)\Common Files\Lenovo;C:\Program Files (x86)\Windows Kits\8.1\Windows Performance Toolkit\;C:\Program Files\Git\cmd;C:\Program Files\Java\jdk1.8.0_92;C:\Program Files\nodejs\;C:\Python27;C:\Python27\Lib\site-packages\;C:\Python27\Scripts\;C:\Users\Jeslin\AppData\Local\.meteor\;C:\Program Files\Git;C:\Program Files (x86)\Reference Assemblies\Microsoft\Framework\v3.0;C:\Program Files (x86)\MSBuild\Microsoft.Cpp\v4.0\v140;C:\Users\Jeslin\AppData\Local\atom\bin;C:\Users\Jeslin\AppData\Local\Microsoft\WindowsApps;C:\Program Files\Java\jdk1.8.0_92\bin;C:\celin\server\Apache\apache-tomcat-9.0.0.M18\bin;C:\Users\Jeslin\AppData\Roaming\npm;;C:\WINDOWS\system32;
USERNAME=Jeslin
OS=Windows_NT
PROCESSOR_IDENTIFIER=Intel64 Family 6 Model 37 Stepping 5, GenuineIntel



---------------  S Y S T E M  ---------------

OS: Windows 10.0 , 64 bit Build 15063 (10.0.15063.296)

CPU:total 4 (2 cores per cpu, 2 threads per core) family 6 model 37 stepping 5, cmov, cx8, fxsr, mmx, sse, sse2, sse3, ssse3, sse4.1, sse4.2, popcnt, aes, clmul, ht, tsc, tscinvbit

Memory: 4k page, physical 8179368k(3359364k free), swap 16567976k(9857408k free)

vm_info: Java HotSpot(TM) 64-Bit Server VM (25.92-b14) for windows-amd64 JRE (1.8.0_92-b14), built on Mar 31 2016 21:03:04 by "java_re" with MS VC++ 10.0 (VS2010)

time: Wed Jul 26 20:19:00 2017
elapsed time: 462 seconds (0d 0h 7m 42s)

